# JRE version: Java(TM) SE Runtime Environment (8.0_131-b11) (build 1.8.0_131-b11)
# Java VM: Java HotSpot(TM) 64-Bit Server VM (25.131-b11 mixed mode windows-amd64 compressed oops)
Heap:
 PSYoungGen      total 214016K, used 191961K [0x00000000e0000000, 0x00000000f1280000, 0x0000000100000000)
  eden space 182784K, 88% used [0x00000000e0000000,0x00000000e9e0ceb8,0x00000000eb280000)
  from space 31232K, 96% used [0x00000000eb280000,0x00000000ecfe9708,0x00000000ed100000)
  to   space 35328K, 0% used [0x00000000ef000000,0x00000000ef000000,0x00000000f1280000)
 ParOldGen       total 273920K, used 105789K [0x00000000a0000000, 0x00000000b0b80000, 0x00000000e0000000)
  object space 273920K, 38% used [0x00000000a0000000,0x00000000a674f788,0x00000000b0b80000)
 Metaspace       used 75183K, capacity 79326K, committed 79488K, reserved 1118208K
  class space    used 10324K, capacity 11268K, committed 11392K, reserved 1048576K
GC Heap History (10 events):
Event: 7.383 GC heap before
{Heap before GC invocations=12 (full 2):
 PSYoungGen      total 170496K, used 129115K [0x00000000e0000000, 0x00000000ec800000, 0x0000000100000000)
  eden space 155648K, 73% used [0x00000000e0000000,0x00000000e6f98140,0x00000000e9800000)
  from space 14848K, 99% used [0x00000000e9800000,0x00000000ea67ed50,0x00000000ea680000)
  to   space 18432K, 0% used [0x00000000eb600000,0x00000000eb600000,0x00000000ec800000)
 ParOldGen       total 178176K, used 22157K [0x00000000a0000000, 0x00000000aae00000, 0x00000000e0000000)
  object space 178176K, 12% used [0x00000000a0000000,0x00000000a15a36f8,0x00000000aae00000)
 Metaspace       used 57084K, capacity 59064K, committed 59160K, reserved 1099776K
  class space    used 7950K, capacity 8488K, committed 8576K, reserved 1048576K
Event: 7.398 GC heap after
Heap after GC invocations=12 (full 2):
 PSYoungGen      total 182784K, used 18415K [0x00000000e0000000, 0x00000000ee680000, 0x0000000100000000)
  eden space 164352K, 0% used [0x00000000e0000000,0x00000000e0000000,0x00000000ea080000)
  from space 18432K, 99% used [0x00000000eb600000,0x00000000ec7fbf18,0x00000000ec800000)
  to   space 22016K, 0% used [0x00000000ea080000,0x00000000ea080000,0x00000000eb600000)
 ParOldGen       total 178176K, used 27133K [0x00000000a0000000, 0x00000000aae00000, 0x00000000e0000000)
  object space 178176K, 15% used [0x00000000a0000000,0x00000000a1a7f638,0x00000000aae00000)
 Metaspace       used 57084K, capacity 59064K, committed 59160K, reserved 1099776K
  class space    used 7950K, capacity 8488K, committed 8576K, reserved 1048576K
}
Event: 7.398 GC heap before
{Heap before GC invocations=13 (full 3):
 PSYoungGen      total 182784K, used 18415K [0x00000000e0000000, 0x00000000ee680000, 0x0000000100000000)
  eden space 164352K, 0% used [0x00000000e0000000,0x00000000e0000000,0x00000000ea080000)
  from space 18432K, 99% used [0x00000000eb600000,0x00000000ec7fbf18,0x00000000ec800000)
  to   space 22016K, 0% used [0x00000000ea080000,0x00000000ea080000,0x00000000eb600000)
 ParOldGen       total 178176K, used 27133K [0x00000000a0000000, 0x00000000aae00000, 0x00000000e0000000)
  object space 178176K, 15% used [0x00000000a0000000,0x00000000a1a7f638,0x00000000aae00000)
 Metaspace       used 57084K, capacity 59064K, committed 59160K, reserved 1099776K
  class space    used 7950K, capacity 8488K, committed 8576K, reserved 1048576K
Event: 7.616 GC heap after
Heap after GC invocations=13 (full 3):
 PSYoungGen      total 182784K, used 0K [0x00000000e0000000, 0x00000000ee680000, 0x0000000100000000)
  eden space 164352K, 0% used [0x00000000e0000000,0x00000000e0000000,0x00000000ea080000)
  from space 18432K, 0% used [0x00000000eb600000,0x00000000eb600000,0x00000000ec800000)
  to   space 22016K, 0% used [0x00000000ea080000,0x00000000ea080000,0x00000000eb600000)
 ParOldGen       total 273920K, used 38540K [0x00000000a0000000, 0x00000000b0b80000, 0x00000000e0000000)
  object space 273920K, 14% used [0x00000000a0000000,0x00000000a25a3308,0x00000000b0b80000)
 Metaspace       used 57084K, capacity 59064K, committed 59160K, reserved 1099776K
  class space    used 7950K, capacity 8488K, committed 8576K, reserved 1048576K
}
Event: 9.178 GC heap before
{Heap before GC invocations=14 (full 3):
 PSYoungGen      total 182784K, used 164352K [0x00000000e0000000, 0x00000000ee680000, 0x0000000100000000)
  eden space 164352K, 100% used [0x00000000e0000000,0x00000000ea080000,0x00000000ea080000)
  from space 18432K, 0% used [0x00000000eb600000,0x00000000eb600000,0x00000000ec800000)
  to   space 22016K, 0% used [0x00000000ea080000,0x00000000ea080000,0x00000000eb600000)
 ParOldGen       total 273920K, used 38540K [0x00000000a0000000, 0x00000000b0b80000, 0x00000000e0000000)
  object space 273920K, 14% used [0x00000000a0000000,0x00000000a25a3308,0x00000000b0b80000)
 Metaspace       used 62800K, capacity 65654K, committed 65920K, reserved 1105920K
  class space    used 8783K, capacity 9526K, committed 9600K, reserved 1048576K
Event: 9.194 GC heap after
Heap after GC invocations=14 (full 3):
 PSYoungGen      total 186368K, used 21777K [0x00000000e0000000, 0x00000000ee900000, 0x0000000100000000)
  eden space 164352K, 0% used [0x00000000e0000000,0x00000000e0000000,0x00000000ea080000)
  from space 22016K, 98% used [0x00000000ea080000,0x00000000eb5c4400,0x00000000eb600000)
  to   space 24576K, 0% used [0x00000000ed100000,0x00000000ed100000,0x00000000ee900000)
 ParOldGen       total 273920K, used 38548K [0x00000000a0000000, 0x00000000b0b80000, 0x00000000e0000000)
  object space 273920K, 14% used [0x00000000a0000000,0x00000000a25a5308,0x00000000b0b80000)
 Metaspace       used 62800K, capacity 65654K, committed 65920K, reserved 1105920K
  class space    used 8783K, capacity 9526K, committed 9600K, reserved 1048576K
}
Event: 21.036 GC heap before
{Heap before GC invocations=15 (full 3):
 PSYoungGen      total 186368K, used 186129K [0x00000000e0000000, 0x00000000ee900000, 0x0000000100000000)
  eden space 164352K, 100% used [0x00000000e0000000,0x00000000ea080000,0x00000000ea080000)
  from space 22016K, 98% used [0x00000000ea080000,0x00000000eb5c4400,0x00000000eb600000)
  to   space 24576K, 0% used [0x00000000ed100000,0x00000000ed100000,0x00000000ee900000)
 ParOldGen       total 273920K, used 38548K [0x00000000a0000000, 0x00000000b0b80000, 0x00000000e0000000)
  object space 273920K, 14% used [0x00000000a0000000,0x00000000a25a5308,0x00000000b0b80000)
 Metaspace       used 68446K, capacity 72182K, committed 72448K, reserved 1112064K
  class space    used 9592K, capacity 10474K, committed 10496K, reserved 1048576K
Event: 21.054 GC heap after
Heap after GC invocations=15 (full 3):
 PSYoungGen      total 207360K, used 24565K [0x00000000e0000000, 0x00000000ef200000, 0x0000000100000000)
  eden space 182784K, 0% used [0x00000000e0000000,0x00000000e0000000,0x00000000eb280000)
  from space 24576K, 99% used [0x00000000ed100000,0x00000000ee8fd4d0,0x00000000ee900000)
  to   space 31232K, 0% used [0x00000000eb280000,0x00000000eb280000,0x00000000ed100000)
 ParOldGen       total 273920K, used 48574K [0x00000000a0000000, 0x00000000b0b80000, 0x00000000e0000000)
  object space 273920K, 17% used [0x00000000a0000000,0x00000000a2f6fa68,0x00000000b0b80000)
 Metaspace       used 68446K, capacity 72182K, committed 72448K, reserved 1112064K
  class space    used 9592K, capacity 10474K, committed 10496K, reserved 1048576K
}
Event: 22.097 GC heap before
{Heap before GC invocations=16 (full 3):
 PSYoungGen      total 207360K, used 205541K [0x00000000e0000000, 0x00000000ef200000, 0x0000000100000000)
  eden space 182784K, 99% used [0x00000000e0000000,0x00000000eb0bc0b8,0x00000000eb280000)
  from space 24576K, 99% used [0x00000000ed100000,0x00000000ee8fd4d0,0x00000000ee900000)
  to   space 31232K, 0% used [0x00000000eb280000,0x00000000eb280000,0x00000000ed100000)
 ParOldGen       total 273920K, used 48574K [0x00000000a0000000, 0x00000000b0b80000, 0x00000000e0000000)
  object space 273920K, 17% used [0x00000000a0000000,0x00000000a2f6fa68,0x00000000b0b80000)
 Metaspace       used 71061K, capacity 75126K, committed 75264K, reserved 1114112K
  class space    used 9982K, capacity 10928K, committed 11008K, reserved 1048576K
Event: 22.120 GC heap after
Heap after GC invocations=16 (full 3):
 PSYoungGen      total 214016K, used 30117K [0x00000000e0000000, 0x00000000f1280000, 0x0000000100000000)
  eden space 182784K, 0% used [0x00000000e0000000,0x00000000e0000000,0x00000000eb280000)
  from space 31232K, 96% used [0x00000000eb280000,0x00000000ecfe9708,0x00000000ed100000)
  to   space 35328K, 0% used [0x00000000ef000000,0x00000000ef000000,0x00000000f1280000)
 ParOldGen       total 273920K, used 105789K [0x00000000a0000000, 0x00000000b0b80000, 0x00000000e0000000)
  object space 273920K, 38% used [0x00000000a0000000,0x00000000a674f788,0x00000000b0b80000)
 Metaspace       used 71061K, capacity 75126K, committed 75264K, reserved 1114112K
  class space    used 9982K, capacity 10928K, committed 11008K, reserved 1048576K
}

